<?xml version="1.0" encoding="UTF-8"?>
<testsuite name="org.bigcompany.service.OrgAnalyzerServiceTest" tests="2" skipped="0" failures="0" errors="0" timestamp="2025-07-26T11:34:14" hostname="DESKTOP-PU4ALMC" time="0.003">
  <properties/>
  <testcase name="testCountManagersToCEOCaching" classname="org.bigcompany.service.OrgAnalyzerServiceTest" time="0.001"/>
  <testcase name="testFindEmployeesWithLongReportingLines" classname="org.bigcompany.service.OrgAnalyzerServiceTest" time="0.001"/>
  <system-out><![CDATA[Loaded employee IDs: [305, 306, 307, 308, 123, 124, 300, 125]
Loaded employee IDs: [305, 306, 307, 308, 123, 124, 300, 125]
]]></system-out>
  <system-err><![CDATA[]]></system-err>
</testsuite>
