<?xml version="1.0" encoding="UTF-8"?>
<testsuite name="org.bigcompany.service.ReportingLineIssueTest" tests="1" skipped="0" failures="0" errors="0" timestamp="2025-07-26T11:34:14" hostname="DESKTOP-PU4ALMC" time="0.001">
  <properties/>
  <testcase name="testReportingLineIssueFields" classname="org.bigcompany.service.ReportingLineIssueTest" time="0.001"/>
  <system-out><![CDATA[]]></system-out>
  <system-err><![CDATA[]]></system-err>
</testsuite>
