<?xml version="1.0" encoding="UTF-8"?>
<testsuite name="org.bigcompany.model.EmployeeTest" tests="2" skipped="0" failures="0" errors="0" timestamp="2025-07-26T11:34:14" hostname="DESKTOP-PU4ALMC" time="0.0">
  <properties/>
  <testcase name="testEmployeeCreationAndProperties" classname="org.bigcompany.model.EmployeeTest" time="0.0"/>
  <testcase name="testAddSubordinate" classname="org.bigcompany.model.EmployeeTest" time="0.0"/>
  <system-out><![CDATA[]]></system-out>
  <system-err><![CDATA[]]></system-err>
</testsuite>
