<?xml version="1.0" encoding="UTF-8"?>
<testsuite name="EmployeeAnalysisAppTest" tests="1" skipped="0" failures="0" errors="0" timestamp="2025-07-26T11:34:14" hostname="DESKTOP-PU4ALMC" time="0.031">
  <properties/>
  <testcase name="testRunAnalysis" classname="EmployeeAnalysisAppTest" time="0.031"/>
  <system-out><![CDATA[]]></system-out>
  <system-err><![CDATA[Jul 26, 2025 5:04:14 PM org.bigCompany.EmployeeAnalysisApp runAnalysis
INFO: executed employee block
]]></system-err>
</testsuite>
